{"/Users/saad.amer/Desktop/Repos/bain/assignment/backend/src/config.js": {"path":"/Users/saad.amer/Desktop/Repos/bain/assignment/backend/src/config.js","statementMap":{"0":{"start":{"line":4,"column":0},"end":{"line":4,"column":16}},"1":{"start":{"line":6,"column":22},"end":{"line":15,"column":1}}},"fnMap":{},"branchMap":{},"s":{"0":1,"1":1},"f":{},"b":{},"_coverageSchema":"1a1c01bbd47fc00a2c39e90264f33305004495a9","hash":"ae2ce48fb59e2e87dd89f475a9addd977e4ab18a"}
,"/Users/saad.amer/Desktop/Repos/bain/assignment/backend/src/db.js": {"path":"/Users/saad.amer/Desktop/Repos/bain/assignment/backend/src/db.js","statementMap":{"0":{"start":{"line":7,"column":17},"end":{"line":7,"column":20}},"1":{"start":{"line":9,"column":20},"end":{"line":15,"column":2}},"2":{"start":{"line":17,"column":0},"end":{"line":17,"column":74}},"3":{"start":{"line":17,"column":25},"end":{"line":17,"column":72}}},"fnMap":{"0":{"name":"(anonymous_0)","decl":{"start":{"line":17,"column":19},"end":{"line":17,"column":20}},"loc":{"start":{"line":17,"column":25},"end":{"line":17,"column":72}},"line":17}},"branchMap":{},"s":{"0":1,"1":1,"2":1,"3":0},"f":{"0":0},"b":{},"_coverageSchema":"1a1c01bbd47fc00a2c39e90264f33305004495a9","hash":"dde558168d5394dbc40116fed9a7b5f99b789d2a"}
,"/Users/saad.amer/Desktop/Repos/bain/assignment/backend/src/logger.js": {"path":"/Users/saad.amer/Desktop/Repos/bain/assignment/backend/src/logger.js","statementMap":{"0":{"start":{"line":5,"column":22},"end":{"line":9,"column":2}}},"fnMap":{},"branchMap":{},"s":{"0":1},"f":{},"b":{},"_coverageSchema":"1a1c01bbd47fc00a2c39e90264f33305004495a9","hash":"212457af2794125235445be51f57f43a203daf4b"}
,"/Users/saad.amer/Desktop/Repos/bain/assignment/backend/src/server.js": {"path":"/Users/saad.amer/Desktop/Repos/bain/assignment/backend/src/server.js","statementMap":{"0":{"start":{"line":12,"column":12},"end":{"line":12,"column":21}},"1":{"start":{"line":13,"column":0},"end":{"line":13,"column":24}},"2":{"start":{"line":14,"column":0},"end":{"line":14,"column":16}},"3":{"start":{"line":16,"column":16},"end":{"line":16,"column":59}},"4":{"start":{"line":17,"column":0},"end":{"line":17,"column":30}},"5":{"start":{"line":32,"column":0},"end":{"line":67,"column":3}},"6":{"start":{"line":33,"column":2},"end":{"line":66,"column":3}},"7":{"start":{"line":34,"column":43},"end":{"line":34,"column":51}},"8":{"start":{"line":36,"column":4},"end":{"line":38,"column":5}},"9":{"start":{"line":37,"column":6},"end":{"line":37,"column":70}},"10":{"start":{"line":40,"column":4},"end":{"line":42,"column":5}},"11":{"start":{"line":41,"column":6},"end":{"line":41,"column":103}},"12":{"start":{"line":44,"column":4},"end":{"line":44,"column":27}},"13":{"start":{"line":45,"column":4},"end":{"line":45,"column":37}},"14":{"start":{"line":47,"column":24},"end":{"line":47,"column":82}},"15":{"start":{"line":49,"column":24},"end":{"line":49,"column":79}},"16":{"start":{"line":50,"column":27},"end":{"line":50,"column":48}},"17":{"start":{"line":52,"column":4},"end":{"line":55,"column":6}},"18":{"start":{"line":57,"column":4},"end":{"line":57,"column":46}},"19":{"start":{"line":59,"column":4},"end":{"line":65,"column":5}},"20":{"start":{"line":60,"column":8},"end":{"line":60,"column":69}},"21":{"start":{"line":61,"column":8},"end":{"line":61,"column":78}},"22":{"start":{"line":63,"column":8},"end":{"line":63,"column":69}},"23":{"start":{"line":64,"column":8},"end":{"line":64,"column":85}},"24":{"start":{"line":80,"column":0},"end":{"line":98,"column":3}},"25":{"start":{"line":81,"column":2},"end":{"line":97,"column":3}},"26":{"start":{"line":82,"column":24},"end":{"line":82,"column":34}},"27":{"start":{"line":83,"column":4},"end":{"line":85,"column":5}},"28":{"start":{"line":84,"column":6},"end":{"line":84,"column":68}},"29":{"start":{"line":87,"column":21},"end":{"line":90,"column":5}},"30":{"start":{"line":92,"column":4},"end":{"line":92,"column":87}},"31":{"start":{"line":93,"column":4},"end":{"line":93,"column":19}},"32":{"start":{"line":95,"column":4},"end":{"line":95,"column":94}},"33":{"start":{"line":96,"column":4},"end":{"line":96,"column":62}},"34":{"start":{"line":109,"column":0},"end":{"line":112,"column":3}},"35":{"start":{"line":110,"column":2},"end":{"line":110,"column":51}},"36":{"start":{"line":111,"column":2},"end":{"line":111,"column":83}},"37":{"start":{"line":114,"column":0},"end":{"line":114,"column":84}},"38":{"start":{"line":114,"column":30},"end":{"line":114,"column":82}}},"fnMap":{"0":{"name":"(anonymous_0)","decl":{"start":{"line":32,"column":22},"end":{"line":32,"column":23}},"loc":{"start":{"line":32,"column":42},"end":{"line":67,"column":1}},"line":32},"1":{"name":"(anonymous_1)","decl":{"start":{"line":80,"column":29},"end":{"line":80,"column":30}},"loc":{"start":{"line":80,"column":49},"end":{"line":98,"column":1}},"line":80},"2":{"name":"(anonymous_2)","decl":{"start":{"line":109,"column":8},"end":{"line":109,"column":9}},"loc":{"start":{"line":109,"column":33},"end":{"line":112,"column":1}},"line":109},"3":{"name":"(anonymous_3)","decl":{"start":{"line":114,"column":24},"end":{"line":114,"column":25}},"loc":{"start":{"line":114,"column":30},"end":{"line":114,"column":82}},"line":114}},"branchMap":{"0":{"loc":{"start":{"line":36,"column":4},"end":{"line":38,"column":5}},"type":"if","locations":[{"start":{"line":36,"column":4},"end":{"line":38,"column":5}},{"start":{},"end":{}}],"line":36},"1":{"loc":{"start":{"line":36,"column":8},"end":{"line":36,"column":54}},"type":"binary-expr","locations":[{"start":{"line":36,"column":8},"end":{"line":36,"column":16}},{"start":{"line":36,"column":20},"end":{"line":36,"column":54}}],"line":36},"2":{"loc":{"start":{"line":40,"column":4},"end":{"line":42,"column":5}},"type":"if","locations":[{"start":{"line":40,"column":4},"end":{"line":42,"column":5}},{"start":{},"end":{}}],"line":40},"3":{"loc":{"start":{"line":40,"column":8},"end":{"line":40,"column":96}},"type":"binary-expr","locations":[{"start":{"line":40,"column":8},"end":{"line":40,"column":15}},{"start":{"line":40,"column":19},"end":{"line":40,"column":31}},{"start":{"line":40,"column":35},"end":{"line":40,"column":61}},{"start":{"line":40,"column":65},"end":{"line":40,"column":96}}],"line":40},"4":{"loc":{"start":{"line":59,"column":4},"end":{"line":65,"column":5}},"type":"if","locations":[{"start":{"line":59,"column":4},"end":{"line":65,"column":5}},{"start":{"line":62,"column":11},"end":{"line":65,"column":5}}],"line":59},"5":{"loc":{"start":{"line":83,"column":4},"end":{"line":85,"column":5}},"type":"if","locations":[{"start":{"line":83,"column":4},"end":{"line":85,"column":5}},{"start":{},"end":{}}],"line":83}},"s":{"0":1,"1":1,"2":1,"3":1,"4":1,"5":1,"6":3,"7":3,"8":3,"9":1,"10":2,"11":1,"12":1,"13":1,"14":1,"15":0,"16":0,"17":0,"18":0,"19":1,"20":1,"21":1,"22":0,"23":0,"24":1,"25":0,"26":0,"27":0,"28":0,"29":0,"30":0,"31":0,"32":0,"33":0,"34":1,"35":0,"36":0,"37":1,"38":1},"f":{"0":3,"1":0,"2":0,"3":1},"b":{"0":[1,2],"1":[3,2],"2":[1,1],"3":[2,1,1,1],"4":[1,0],"5":[0,0]},"_coverageSchema":"1a1c01bbd47fc00a2c39e90264f33305004495a9","hash":"d9b9ab25ada290148227bc9844099cca0bcb805e"}
,"/Users/saad.amer/Desktop/Repos/bain/assignment/backend/src/utils.js": {"path":"/Users/saad.amer/Desktop/Repos/bain/assignment/backend/src/utils.js","statementMap":{"0":{"start":{"line":6,"column":22},"end":{"line":6,"column":66}},"1":{"start":{"line":16,"column":23},"end":{"line":40,"column":1}},"2":{"start":{"line":17,"column":14},"end":{"line":17,"column":85}},"3":{"start":{"line":19,"column":2},"end":{"line":39,"column":3}},"4":{"start":{"line":19,"column":21},"end":{"line":19,"column":22}},"5":{"start":{"line":20,"column":4},"end":{"line":38,"column":5}},"6":{"start":{"line":21,"column":6},"end":{"line":21,"column":72}},"7":{"start":{"line":22,"column":23},"end":{"line":22,"column":43}},"8":{"start":{"line":24,"column":6},"end":{"line":26,"column":7}},"9":{"start":{"line":25,"column":8},"end":{"line":25,"column":55}},"10":{"start":{"line":28,"column":6},"end":{"line":28,"column":94}},"11":{"start":{"line":31,"column":6},"end":{"line":31,"column":89}},"12":{"start":{"line":32,"column":6},"end":{"line":35,"column":7}},"13":{"start":{"line":33,"column":8},"end":{"line":33,"column":88}},"14":{"start":{"line":34,"column":8},"end":{"line":34,"column":55}},"15":{"start":{"line":37,"column":6},"end":{"line":37,"column":72}},"16":{"start":{"line":37,"column":35},"end":{"line":37,"column":70}},"17":{"start":{"line":42,"column":33},"end":{"line":51,"column":1}},"18":{"start":{"line":43,"column":16},"end":{"line":43,"column":46}},"19":{"start":{"line":43,"column":25},"end":{"line":43,"column":46}},"20":{"start":{"line":44,"column":12},"end":{"line":44,"column":16}},"21":{"start":{"line":45,"column":15},"end":{"line":45,"column":33}},"22":{"start":{"line":46,"column":15},"end":{"line":46,"column":33}},"23":{"start":{"line":48,"column":4},"end":{"line":49,"column":75}},"24":{"start":{"line":50,"column":2},"end":{"line":50,"column":60}}},"fnMap":{"0":{"name":"(anonymous_0)","decl":{"start":{"line":16,"column":23},"end":{"line":16,"column":24}},"loc":{"start":{"line":16,"column":55},"end":{"line":40,"column":1}},"line":16},"1":{"name":"(anonymous_1)","decl":{"start":{"line":37,"column":24},"end":{"line":37,"column":25}},"loc":{"start":{"line":37,"column":35},"end":{"line":37,"column":70}},"line":37},"2":{"name":"(anonymous_2)","decl":{"start":{"line":42,"column":33},"end":{"line":42,"column":34}},"loc":{"start":{"line":42,"column":61},"end":{"line":51,"column":1}},"line":42},"3":{"name":"(anonymous_3)","decl":{"start":{"line":43,"column":16},"end":{"line":43,"column":17}},"loc":{"start":{"line":43,"column":25},"end":{"line":43,"column":46}},"line":43}},"branchMap":{"0":{"loc":{"start":{"line":16,"column":39},"end":{"line":16,"column":50}},"type":"default-arg","locations":[{"start":{"line":16,"column":49},"end":{"line":16,"column":50}}],"line":16},"1":{"loc":{"start":{"line":24,"column":6},"end":{"line":26,"column":7}},"type":"if","locations":[{"start":{"line":24,"column":6},"end":{"line":26,"column":7}},{"start":{},"end":{}}],"line":24},"2":{"loc":{"start":{"line":32,"column":6},"end":{"line":35,"column":7}},"type":"if","locations":[{"start":{"line":32,"column":6},"end":{"line":35,"column":7}},{"start":{},"end":{}}],"line":32}},"s":{"0":1,"1":1,"2":2,"3":2,"4":2,"5":5,"6":5,"7":5,"8":5,"9":5,"10":0,"11":5,"12":5,"13":1,"14":1,"15":4,"16":4,"17":1,"18":0,"19":0,"20":0,"21":0,"22":0,"23":0,"24":0},"f":{"0":2,"1":4,"2":0,"3":0},"b":{"0":[2],"1":[5,0],"2":[1,4]},"_coverageSchema":"1a1c01bbd47fc00a2c39e90264f33305004495a9","hash":"1c67b6fce0634374f65a52b3a36e89249093b3f8"}
}
