TN:
SF:src/config.js
FNF:0
FNH:0
DA:4,1
DA:6,1
LF:2
LH:2
BRF:0
BRH:0
end_of_record
TN:
SF:src/db.js
FN:17,(anonymous_0)
FNF:1
FNH:0
FNDA:0,(anonymous_0)
DA:7,1
DA:9,1
DA:17,1
LF:3
LH:3
BRF:0
BRH:0
end_of_record
TN:
SF:src/logger.js
FNF:0
FNH:0
DA:5,1
LF:1
LH:1
BRF:0
BRH:0
end_of_record
TN:
SF:src/server.js
FN:32,(anonymous_0)
FN:80,(anonymous_1)
FN:107,(anonymous_2)
FN:112,(anonymous_3)
FNF:4
FNH:2
FNDA:3,(anonymous_0)
FNDA:0,(anonymous_1)
FNDA:0,(anonymous_2)
FNDA:1,(anonymous_3)
DA:12,1
DA:13,1
DA:14,1
DA:16,1
DA:17,1
DA:32,1
DA:33,3
DA:34,3
DA:36,3
DA:37,1
DA:40,2
DA:41,1
DA:44,1
DA:45,1
DA:47,1
DA:49,0
DA:50,0
DA:52,0
DA:57,0
DA:59,1
DA:60,1
DA:61,1
DA:63,0
DA:64,0
DA:80,1
DA:81,0
DA:82,0
DA:83,0
DA:84,0
DA:87,0
DA:92,0
DA:93,0
DA:95,0
DA:96,0
DA:107,1
DA:108,0
DA:109,0
DA:112,1
LF:38
LH:21
BRDA:36,0,0,1
BRDA:36,0,1,2
BRDA:36,1,0,3
BRDA:36,1,1,2
BRDA:40,2,0,1
BRDA:40,2,1,1
BRDA:40,3,0,2
BRDA:40,3,1,1
BRDA:40,3,2,1
BRDA:40,3,3,1
BRDA:59,4,0,1
BRDA:59,4,1,0
BRDA:83,5,0,0
BRDA:83,5,1,0
BRF:14
BRH:11
end_of_record
TN:
SF:src/utils.js
FN:16,(anonymous_0)
FN:37,(anonymous_1)
FN:42,(anonymous_2)
FN:43,(anonymous_3)
FNF:4
FNH:2
FNDA:2,(anonymous_0)
FNDA:4,(anonymous_1)
FNDA:0,(anonymous_2)
FNDA:0,(anonymous_3)
DA:6,1
DA:16,1
DA:17,2
DA:19,2
DA:20,5
DA:21,5
DA:22,5
DA:24,5
DA:25,5
DA:28,0
DA:31,5
DA:32,5
DA:33,1
DA:34,1
DA:37,4
DA:42,1
DA:43,0
DA:44,0
DA:45,0
DA:46,0
DA:48,0
DA:50,0
LF:22
LH:15
BRDA:16,0,0,2
BRDA:24,1,0,5
BRDA:24,1,1,0
BRDA:32,2,0,1
BRDA:32,2,1,4
BRF:5
BRH:4
end_of_record
